<?xml version="1.0" encoding="UTF-8"?>
<testsuite name="TestSuite" time="25.318" tests="2" errors="0" skipped="0" failures="1">
  <properties>
[...]
</properties>
  <testcase name="feature" classname="runner.RunCuke" time="25.318"/>
  <testcase name="feature" classname="runner.RunCuke" time="24.695">
    <failure message="java.lang.AssertionError: expected [2.0] but found [1.0]" type="cucumber.runtime.CucumberException">cucumber.runtime.CucumberException: java.lang.AssertionError: expected [2.0] but found [1.0]
	at cucumber.api.testng.TestNGCucumberRunner.runCucumber(TestNGCucumberRunner.java:69)
	at cucumber.api.testng.AbstractTestNGCucumberTests.feature(AbstractTestNGCucumberTests.java:21)
	at sun.reflect.NativeMethodAccessorImpl.invoke0(Native Method)
	at sun.reflect.NativeMethodAccessorImpl.invoke(NativeMethodAccessorImpl.java:62)
	at sun.reflect.DelegatingMethodAccessorImpl.invoke(DelegatingMethodAccessorImpl.java:43)
	at java.lang.reflect.Method.invoke(Method.java:498)
	at org.testng.internal.MethodInvocationHelper.invokeMethod(MethodInvocationHelper.java:133)
	at org.testng.internal.TestInvoker.invokeMethod(TestInvoker.java:584)
	at org.testng.internal.TestInvoker.invokeTestMethod(TestInvoker.java:172)
	at org.testng.internal.MethodRunner.runInSequence(MethodRunner.java:46)
	at org.testng.internal.TestInvoker$MethodInvocationAgent.invoke(TestInvoker.java:804)
	at org.testng.internal.TestInvoker.invokeTestMethods(TestInvoker.java:145)
	at org.testng.internal.TestMethodWorker.invokeTestMethods(TestMethodWorker.java:146)
	at org.testng.internal.TestMethodWorker.run(TestMethodWorker.java:128)
	at java.util.ArrayList.forEach(ArrayList.java:1249)
	at org.testng.TestRunner.privateRun(TestRunner.java:770)
	at org.testng.TestRunner.run(TestRunner.java:591)
	at org.testng.SuiteRunner.runTest(SuiteRunner.java:402)
	at org.testng.SuiteRunner.runSequentially(SuiteRunner.java:396)
	at org.testng.SuiteRunner.privateRun(SuiteRunner.java:355)
	at org.testng.SuiteRunner.run(SuiteRunner.java:304)
	at org.testng.SuiteRunnerWorker.runSuite(SuiteRunnerWorker.java:53)
	at org.testng.SuiteRunnerWorker.run(SuiteRunnerWorker.java:96)
	at org.testng.TestNG.runSuitesSequentially(TestNG.java:1180)
	at org.testng.TestNG.runSuitesLocally(TestNG.java:1102)
	at org.testng.TestNG.runSuites(TestNG.java:1032)
	at org.testng.TestNG.run(TestNG.java:1000)
	at org.apache.maven.surefire.testng.TestNGExecutor.run(TestNGExecutor.java:295)
	at org.apache.maven.surefire.testng.TestNGXmlTestSuite.execute(TestNGXmlTestSuite.java:84)
	at org.apache.maven.surefire.testng.TestNGProvider.invoke(TestNGProvider.java:90)
	at org.apache.maven.surefire.booter.ForkedBooter.invokeProviderInSameClassLoader(ForkedBooter.java:203)
	at org.apache.maven.surefire.booter.ForkedBooter.runSuitesInProcess(ForkedBooter.java:155)
	at org.apache.maven.surefire.booter.ForkedBooter.main(ForkedBooter.java:103)
Caused by: java.lang.AssertionError: expected [2.0] but found [1.0]
	at org.testng.Assert.fail(Assert.java:97)
	at org.testng.Assert.assertEqualsImpl(Assert.java:136)
	at org.testng.Assert.assertEquals(Assert.java:118)
	at org.testng.Assert.assertEquals(Assert.java:575)
	at org.testng.Assert.assertEquals(Assert.java:585)
	at steps.SearchCarsSteps.the_page_version_should_be(SearchCarsSteps.java:95)
	at ✽.And the page version should be "2.0"(SearchUsedCars.feature:19)
</failure>
    <system-out><![CDATA[@Search-Used-Cars
Feature: Acceptance testing to validate Search cars page is working fine
  In order to validate that
  the search cars page is working fine
  we will do the acceptance testing
Window ->CDwindow-F7E37331CE5A656359AEDFDEB77B7A44
java.lang.AssertionError: expected [2.0] but found [1.0]
	at org.testng.Assert.fail(Assert.java:97)
	at org.testng.Assert.assertEqualsImpl(Assert.java:136)
	at org.testng.Assert.assertEquals(Assert.java:118)
	at org.testng.Assert.assertEquals(Assert.java:575)
	at org.testng.Assert.assertEquals(Assert.java:585)
	at steps.SearchCarsSteps.the_page_version_should_be(SearchCarsSteps.java:95)
	at ?.And the page version should be "2.0"(SearchUsedCars.feature:19)

true

  @Search-UsedCar-Positive
  Scenario: CarsGuide Search page AUDI validation                                    # SearchUsedCars.feature:8
    Given I am on the Home Page "http://www.carsguide.com.au" of Car Guide website   # SearchCarsSteps.i_am_on_the_Home_Page_of_Car_Guide_website(String)
    When move to "buy + sell"                                                        # SearchCarsSteps.move_to(String)
    And click on used "Search Cars" link                                             # SearchUsedCarSteps.click_on_used(String)
    And select carbrand as "Audi" from AnyMake dropdown                              # SearchCarsSteps.select_carbrand_as_from_AnyMake_dropdown(String)
    And select carmodel as "A1" from SelectModel dropdown                            # SearchCarsSteps.select_carmodel_as_from_SelectModel_dropdown(String)
    And select location as "ACT - All" from SelectLocation dropdown                  # SearchCarsSteps.select_location_as_from_SelectLocation_dropdown(String)
    And select price as "$20,000" from price dropdown                                # SearchCarsSteps.select_price_as_from_price_dropdown(String)
    And click on Find_My_Next_Car button                                             # SearchCarsSteps.click_on_Find_My_Next_Car_button()
    Then I should see list of searched cars from "Audi"                              # SearchCarsSteps.i_should_see_list_of_searched_cars_from(String)
    And the page title should be "Used Audi A1 Under 20000 for Sale ACT | carsguide" # SearchCarsSteps.the_page_title_should_be(String)
    And the page version should be "2.0"                                             # SearchCarsSteps.the_page_version_should_be(String)
      java.lang.AssertionError: expected [2.0] but found [1.0]
      	at org.testng.Assert.fail(Assert.java:97)
      	at org.testng.Assert.assertEqualsImpl(Assert.java:136)
      	at org.testng.Assert.assertEquals(Assert.java:118)
      	at org.testng.Assert.assertEquals(Assert.java:575)
      	at org.testng.Assert.assertEquals(Assert.java:585)
      	at steps.SearchCarsSteps.the_page_version_should_be(SearchCarsSteps.java:95)
      	at ?.And the page version should be "2.0"(SearchUsedCars.feature:19)

]]></system-out>
    <system-err><![CDATA[Starting ChromeDriver 77.0.3865.40 (f484704e052e0b556f8030b65b953dce96503217-refs/branch-heads/3865@{#442}) on port 31518
Only local connections are allowed.
Please protect ports used by ChromeDriver and related test frameworks to prevent access by malicious code.
[1572266613.315][WARNING]: Timed out connecting to Chrome, retrying...
Oct 28, 2019 12:43:35 PM org.openqa.selenium.remote.ProtocolHandshake createSession
INFO: Detected dialect: W3C
[1572266617.337][WARNING]: Timed out connecting to Chrome, retrying...
]]></system-err>
  </testcase>
</testsuite>